<?xml version="1.0" encoding="UTF-8"?>
<testng-results skipped="0" failed="0" ignored="0" total="1" passed="1">
  <reporter-output>
  </reporter-output>
  <suite name="Default suite" duration-ms="93046" started-at="2022-06-07T11:38:06 IST" finished-at="2022-06-07T11:39:39 IST">
    <groups>
    </groups>
    <test name="Default test" duration-ms="93046" started-at="2022-06-07T11:38:06 IST" finished-at="2022-06-07T11:39:39 IST">
      <class name="utils.Assesment">
        <test-method status="PASS" signature="a()[pri:0, instance:utils.Assesment@1d0c81b]" name="a" duration-ms="92817" started-at="2022-06-07T11:38:06 IST" finished-at="2022-06-07T11:39:39 IST">
          <reporter-output>
          </reporter-output>
        </test-method> <!-- a -->
      </class> <!-- utils.Assesment -->
    </test> <!-- Default test -->
  </suite> <!-- Default suite -->
</testng-results>
